  [1m[35m (0.3ms)[0m  [1m[35mCREATE TABLE "schema_migrations" ("version" varchar NOT NULL PRIMARY KEY)[0m
  [1m[35m (0.1ms)[0m  [1m[35mCREATE TABLE "ar_internal_metadata" ("key" varchar NOT NULL PRIMARY KEY, "value" varchar, "created_at" datetime(6) NOT NULL, "updated_at" datetime(6) NOT NULL)[0m
  [1m[36mActiveRecord::InternalMetadata Load (0.1ms)[0m  [1m[34mSELECT * FROM "ar_internal_metadata" WHERE "ar_internal_metadata"."key" = ? ORDER BY "ar_internal_metadata"."key" ASC LIMIT 1[0m  [[nil, "environment"]]
  [1m[36mActiveRecord::InternalMetadata Create (0.1ms)[0m  [1m[32mINSERT INTO "ar_internal_metadata" ("key", "value", "created_at", "updated_at") VALUES ('environment', 'development', '2024-01-14 13:24:37.716588', '2024-01-14 13:24:37.716589') RETURNING "key"[0m
  [1m[36mActiveRecord::SchemaMigration Load (0.0ms)[0m  [1m[34mSELECT "schema_migrations"."version" FROM "schema_migrations" ORDER BY "schema_migrations"."version" ASC[0m
Migrating to CreateUsers (20240114132409)
  [1m[36mTRANSACTION (0.0ms)[0m  [1m[36mbegin transaction[0m
  [1m[35m (0.3ms)[0m  [1m[35mCREATE TABLE "users" ("id" integer PRIMARY KEY AUTOINCREMENT NOT NULL, "email" varchar, "password_digest" varchar, "created_at" datetime(6) NOT NULL, "updated_at" datetime(6) NOT NULL)[0m
  [1m[36mActiveRecord::SchemaMigration Create (0.0ms)[0m  [1m[32mINSERT INTO "schema_migrations" ("version") VALUES ('20240114132409') RETURNING "version"[0m
  [1m[36mTRANSACTION (0.1ms)[0m  [1m[36mcommit transaction[0m
  [1m[36mActiveRecord::SchemaMigration Load (0.0ms)[0m  [1m[34mSELECT "schema_migrations"."version" FROM "schema_migrations" ORDER BY "schema_migrations"."version" ASC[0m
  [1m[36mActiveRecord::InternalMetadata Load (0.0ms)[0m  [1m[34mSELECT * FROM "ar_internal_metadata" WHERE "ar_internal_metadata"."key" = ? ORDER BY "ar_internal_metadata"."key" ASC LIMIT 1[0m  [[nil, "environment"]]
  [1m[36mActiveRecord::SchemaMigration Load (0.0ms)[0m  [1m[34mSELECT "schema_migrations"."version" FROM "schema_migrations" ORDER BY "schema_migrations"."version" ASC[0m
  [1m[36mActiveRecord::SchemaMigration Load (0.0ms)[0m  [1m[34mSELECT "schema_migrations"."version" FROM "schema_migrations" ORDER BY "schema_migrations"."version" ASC[0m
Started GET "/" for ::1 at 2024-01-14 19:44:06 +0530
  [1m[36mActiveRecord::SchemaMigration Load (0.0ms)[0m  [1m[34mSELECT "schema_migrations"."version" FROM "schema_migrations" ORDER BY "schema_migrations"."version" ASC[0m
Processing by Rails::WelcomeController#index as HTML
  Rendering /Users/tushar/.rvm/rubies/ruby-3.2.1/lib/ruby/gems/3.2.0/gems/railties-7.1.2/lib/rails/templates/rails/welcome/index.html.erb
  Rendered /Users/tushar/.rvm/rubies/ruby-3.2.1/lib/ruby/gems/3.2.0/gems/railties-7.1.2/lib/rails/templates/rails/welcome/index.html.erb (Duration: 0.9ms | Allocations: 374)
Completed 200 OK in 14ms (Views: 4.0ms | ActiveRecord: 0.0ms | Allocations: 7874)


Started POST "/registration" for ::1 at 2024-01-14 19:48:56 +0530
  
ActionController::RoutingError (uninitialized constant RegistrationsController):
  
Started POST "/registration" for ::1 at 2024-01-14 19:49:57 +0530
Processing by RegistrationsController#create as */*
  Parameters: {"user"=>{"email"=>"test@gmail.com", "password"=>"[FILTERED]", "password_confirmation"=>"[FILTERED]"}, "registration"=>{"user"=>{"email"=>"test@gmail.com", "password"=>"[FILTERED]", "password_confirmation"=>"[FILTERED]"}}}
Completed 500 Internal Server Error in 7ms (ActiveRecord: 0.0ms | Allocations: 7139)


  
ArgumentError (Unknown key: :presence. Valid keys are: :on, :if, :unless, :prepend. Perhaps you meant to call `validates` instead of `validate`?):
  
app/models/user.rb:3:in `<class:User>'
app/models/user.rb:1:in `<main>'
app/controllers/registrations_controller.rb:3:in `create'
Started POST "/registration" for ::1 at 2024-01-14 19:50:44 +0530
Processing by RegistrationsController#create as */*
  Parameters: {"user"=>{"email"=>"test@gmail.com", "password"=>"[FILTERED]", "password_confirmation"=>"[FILTERED]"}, "registration"=>{"user"=>{"email"=>"test@gmail.com", "password"=>"[FILTERED]", "password_confirmation"=>"[FILTERED]"}}}
Completed 500 Internal Server Error in 2ms (ActiveRecord: 0.0ms | Allocations: 1202)


  
NoMethodError (undefined method `normailze' for User:Class):
  
app/models/user.rb:4:in `<class:User>'
app/models/user.rb:1:in `<main>'
app/controllers/registrations_controller.rb:3:in `create'
Started POST "/registration" for ::1 at 2024-01-14 19:51:05 +0530
Processing by RegistrationsController#create as */*
  Parameters: {"user"=>{"email"=>"test@gmail.com", "password"=>"[FILTERED]", "password_confirmation"=>"[FILTERED]"}, "registration"=>{"user"=>{"email"=>"test@gmail.com", "password"=>"[FILTERED]", "password_confirmation"=>"[FILTERED]"}}}
Completed 500 Internal Server Error in 2ms (ActiveRecord: 0.0ms | Allocations: 1149)


  
NoMethodError (undefined method `normalize' for User:Class):
  
app/models/user.rb:6:in `<class:User>'
app/models/user.rb:1:in `<main>'
app/controllers/registrations_controller.rb:3:in `create'
Started POST "/registration" for ::1 at 2024-01-14 19:52:04 +0530
Processing by RegistrationsController#create as */*
  Parameters: {"user"=>{"email"=>"test@gmail.com", "password"=>"[FILTERED]", "password_confirmation"=>"[FILTERED]"}, "registration"=>{"user"=>{"email"=>"test@gmail.com", "password"=>"[FILTERED]", "password_confirmation"=>"[FILTERED]"}}}
  [1m[36mTRANSACTION (0.0ms)[0m  [1m[36mbegin transaction[0m
  ↳ app/controllers/registrations_controller.rb:4:in `create'
  [1m[36mUser Create (2.5ms)[0m  [1m[32mINSERT INTO "users" ("email", "password_digest", "created_at", "updated_at") VALUES (?, ?, ?, ?) RETURNING "id"[0m  [["email", "test@gmail.com"], ["password_digest", "[FILTERED]"], ["created_at", "2024-01-14 14:22:05.093621"], ["updated_at", "2024-01-14 14:22:05.093621"]]
  ↳ app/controllers/registrations_controller.rb:4:in `create'
  [1m[36mTRANSACTION (0.2ms)[0m  [1m[36mcommit transaction[0m
  ↳ app/controllers/registrations_controller.rb:4:in `create'
Completed 500 Internal Server Error in 244ms (ActiveRecord: 4.1ms | Allocations: 13546)


  
ArgumentError (wrong number of arguments (given 1, expected 0)):
  
app/controllers/application_controller.rb:18:in `login'
app/controllers/registrations_controller.rb:5:in `create'
Started POST "/registration" for ::1 at 2024-01-14 19:52:49 +0530
Processing by RegistrationsController#create as */*
  Parameters: {"user"=>{"email"=>"test@gmail.com", "password"=>"[FILTERED]", "password_confirmation"=>"[FILTERED]"}, "registration"=>{"user"=>{"email"=>"test@gmail.com", "password"=>"[FILTERED]", "password_confirmation"=>"[FILTERED]"}}}
  [1m[36mTRANSACTION (0.0ms)[0m  [1m[36mbegin transaction[0m
  ↳ app/controllers/registrations_controller.rb:4:in `create'
  [1m[36mUser Create (1.2ms)[0m  [1m[32mINSERT INTO "users" ("email", "password_digest", "created_at", "updated_at") VALUES (?, ?, ?, ?) RETURNING "id"[0m  [["email", "test@gmail.com"], ["password_digest", "[FILTERED]"], ["created_at", "2024-01-14 14:22:49.686194"], ["updated_at", "2024-01-14 14:22:49.686194"]]
  ↳ app/controllers/registrations_controller.rb:4:in `create'
  [1m[36mTRANSACTION (0.2ms)[0m  [1m[36mcommit transaction[0m
  ↳ app/controllers/registrations_controller.rb:4:in `create'
Completed 500 Internal Server Error in 234ms (ActiveRecord: 2.4ms | Allocations: 6044)


  
NameError (undefined local variable or method `reset_sessin' for #<RegistrationsController:0x00000000022448>):
  
app/controllers/application_controller.rb:20:in `login'
app/controllers/registrations_controller.rb:5:in `create'
Started POST "/registration" for ::1 at 2024-01-14 19:54:18 +0530
Processing by RegistrationsController#create as */*
  Parameters: {"user"=>{"email"=>"test@gmail.com", "password"=>"[FILTERED]", "password_confirmation"=>"[FILTERED]"}, "registration"=>{"user"=>{"email"=>"test@gmail.com", "password"=>"[FILTERED]", "password_confirmation"=>"[FILTERED]"}}}
  [1m[36mTRANSACTION (0.0ms)[0m  [1m[36mbegin transaction[0m
  ↳ app/controllers/registrations_controller.rb:4:in `create'
  [1m[36mUser Create (1.4ms)[0m  [1m[32mINSERT INTO "users" ("email", "password_digest", "created_at", "updated_at") VALUES (?, ?, ?, ?) RETURNING "id"[0m  [["email", "test@gmail.com"], ["password_digest", "[FILTERED]"], ["created_at", "2024-01-14 14:24:18.759242"], ["updated_at", "2024-01-14 14:24:18.759242"]]
  ↳ app/controllers/registrations_controller.rb:4:in `create'
  [1m[36mTRANSACTION (0.2ms)[0m  [1m[36mcommit transaction[0m
  ↳ app/controllers/registrations_controller.rb:4:in `create'
Completed 200 OK in 236ms (Views: 0.1ms | ActiveRecord: 2.6ms | Allocations: 5746)


  [1m[36mUser Load (0.2ms)[0m  [1m[34mSELECT "users".* FROM "users" ORDER BY "users"."id" DESC LIMIT ?[0m  [["LIMIT", 1]]
  [1m[36mUser Load (0.4ms)[0m  [1m[34mSELECT "users".* FROM "users" /* loading for pp */ LIMIT ?[0m  [["LIMIT", 11]]
Started POST "/registration" for ::1 at 2024-01-14 19:58:33 +0530
Processing by RegistrationsController#create as */*
  Parameters: {"user"=>{"email"=>"test@gmail.com", "password"=>"[FILTERED]", "password_confirmation"=>"[FILTERED]"}, "registration"=>{"user"=>{"email"=>"test@gmail.com", "password"=>"[FILTERED]", "password_confirmation"=>"[FILTERED]"}}}
  [1m[36mTRANSACTION (0.0ms)[0m  [1m[36mbegin transaction[0m
  ↳ app/controllers/registrations_controller.rb:4:in `create'
  [1m[36mUser Create (0.9ms)[0m  [1m[32mINSERT INTO "users" ("email", "password_digest", "created_at", "updated_at") VALUES (?, ?, ?, ?) RETURNING "id"[0m  [["email", "test@gmail.com"], ["password_digest", "[FILTERED]"], ["created_at", "2024-01-14 14:28:33.363484"], ["updated_at", "2024-01-14 14:28:33.363484"]]
  ↳ app/controllers/registrations_controller.rb:4:in `create'
  [1m[36mTRANSACTION (0.0ms)[0m  [1m[36mcommit transaction[0m
  ↳ app/controllers/registrations_controller.rb:4:in `create'
Completed 200 OK in 239ms (Views: 0.1ms | ActiveRecord: 1.7ms | Allocations: 8301)


Started POST "/sessions" for ::1 at 2024-01-14 20:04:09 +0530
  
ActionController::RoutingError (No route matches [POST] "/sessions"):
  
Started POST "/session" for ::1 at 2024-01-14 20:04:19 +0530
Processing by SessionsController#create as */*
  Parameters: {"email"=>"test@gmail.com", "password"=>"[FILTERED]", "session"=>{"email"=>"test@gmail.com", "password"=>"[FILTERED]"}}
  [1m[36mUser Load (0.4ms)[0m  [1m[34mSELECT "users".* FROM "users" WHERE "users"."email" = ? LIMIT ?[0m  [["email", "test@gmail.com"], ["LIMIT", 1]]
  ↳ app/controllers/sessions_controller.rb:4:in `create'
Completed 200 OK in 253ms (Views: 0.1ms | ActiveRecord: 0.6ms | Allocations: 6921)


Started POST "/session" for ::1 at 2024-01-14 20:04:24 +0530
Processing by SessionsController#create as */*
  Parameters: {"email"=>"test@gmail.com", "password"=>"[FILTERED]", "session"=>{"email"=>"test@gmail.com", "password"=>"[FILTERED]"}}
  [1m[36mUser Load (0.1ms)[0m  [1m[34mSELECT "users".* FROM "users" WHERE "users"."email" = ? LIMIT ?[0m  [["email", "test@gmail.com"], ["LIMIT", 1]]
  ↳ app/controllers/sessions_controller.rb:4:in `create'
Completed 401 Unauthorized in 258ms (Views: 0.1ms | ActiveRecord: 0.1ms | Allocations: 512)


Started POST "/session" for ::1 at 2024-01-14 20:05:18 +0530
Processing by SessionsController#create as */*
  Parameters: {"email"=>"test@gmail.com", "password"=>"[FILTERED]", "session"=>{"email"=>"test@gmail.com", "password"=>"[FILTERED]"}}
  [1m[36mUser Load (0.2ms)[0m  [1m[34mSELECT "users".* FROM "users" WHERE "users"."email" = ? LIMIT ?[0m  [["email", "test@gmail.com"], ["LIMIT", 1]]
  ↳ app/controllers/sessions_controller.rb:4:in `create'
Completed 401 Unauthorized in 233ms (Views: 0.2ms | ActiveRecord: 1.2ms | Allocations: 4364)


Started POST "/session" for ::1 at 2024-01-14 20:05:26 +0530
Processing by SessionsController#create as */*
  Parameters: {"email"=>"test@gmail.com", "password"=>"[FILTERED]", "session"=>{"email"=>"test@gmail.com", "password"=>"[FILTERED]"}}
  [1m[36mUser Load (0.1ms)[0m  [1m[34mSELECT "users".* FROM "users" WHERE "users"."email" = ? LIMIT ?[0m  [["email", "test@gmail.com"], ["LIMIT", 1]]
  ↳ app/controllers/sessions_controller.rb:4:in `create'
Completed 200 OK in 258ms (Views: 0.1ms | ActiveRecord: 0.1ms | Allocations: 778)


Started POST "/session" for ::1 at 2024-01-14 20:06:03 +0530
Processing by SessionsController#create as */*
  Parameters: {"email"=>"test@gmail.com", "password"=>"[FILTERED]", "session"=>{"email"=>"test@gmail.com", "password"=>"[FILTERED]"}}
  [1m[36mUser Load (0.2ms)[0m  [1m[34mSELECT "users".* FROM "users" WHERE "users"."email" = ? LIMIT ?[0m  [["email", "test@gmail.com"], ["LIMIT", 1]]
  ↳ app/controllers/sessions_controller.rb:4:in `create'
Completed 200 OK in 25633ms (Views: 0.5ms | ActiveRecord: 0.9ms | Allocations: 161469)


Started POST "/passwords" for ::1 at 2024-01-14 21:12:36 +0530
  
ActionController::RoutingError (No route matches [POST] "/passwords"):
  
Started PATCH "/passwords" for ::1 at 2024-01-14 21:12:47 +0530
  
ActionController::RoutingError (No route matches [PATCH] "/passwords"):
  
Started PATCH "/password" for ::1 at 2024-01-14 21:13:03 +0530
Processing by PasswordsController#update as */*
  Parameters: {"email"=>"test@gmail.com", "password"=>"[FILTERED]"}
  [1m[36mUser Load (2.7ms)[0m  [1m[34mSELECT "users".* FROM "users" WHERE "users"."id" = ? LIMIT ?[0m  [["id", 1], ["LIMIT", 1]]
  ↳ app/controllers/application_controller.rb:18:in `authenticate_user_from_session'
Completed 400 Bad Request in 12ms (ActiveRecord: 3.4ms | Allocations: 4933)


  
ActionController::ParameterMissing (param is missing or the value is empty: user):
  
app/controllers/passwords_controller.rb:14:in `password_params'
app/controllers/passwords_controller.rb:5:in `update'
Started PATCH "/password" for ::1 at 2024-01-14 21:13:47 +0530
Processing by PasswordsController#update as */*
  Parameters: {"password_confirmation"=>"[FILTERED]", "password"=>"[FILTERED]"}
  [1m[36mUser Load (0.2ms)[0m  [1m[34mSELECT "users".* FROM "users" WHERE "users"."id" = ? LIMIT ?[0m  [["id", 1], ["LIMIT", 1]]
  ↳ app/controllers/application_controller.rb:18:in `authenticate_user_from_session'
Completed 400 Bad Request in 4ms (ActiveRecord: 0.1ms | Allocations: 1014)


  
ActionController::ParameterMissing (param is missing or the value is empty: user):
  
app/controllers/passwords_controller.rb:14:in `password_params'
app/controllers/passwords_controller.rb:5:in `update'
Started PATCH "/password" for ::1 at 2024-01-14 21:14:27 +0530
Processing by PasswordsController#update as */*
  Parameters: {"user"=>{"password_confirmation"=>"[FILTERED]", "password"=>"[FILTERED]"}, "password"=>{"user"=>{"password_confirmation"=>"[FILTERED]", "password"=>"[FILTERED]"}}}
  [1m[36mUser Load (0.1ms)[0m  [1m[34mSELECT "users".* FROM "users" WHERE "users"."id" = ? LIMIT ?[0m  [["id", 1], ["LIMIT", 1]]
  ↳ app/controllers/application_controller.rb:18:in `authenticate_user_from_session'
Completed 200 OK in 487ms (Views: 0.1ms | ActiveRecord: 0.1ms | Allocations: 1741)


Started PATCH "/password" for ::1 at 2024-01-14 21:15:01 +0530
Processing by PasswordsController#update as */*
  Parameters: {"user"=>{"password_confirmation"=>"[FILTERED]", "password"=>"[FILTERED]", "password_challenge"=>"[FILTERED]"}, "password"=>{"user"=>{"password_confirmation"=>"[FILTERED]", "password"=>"[FILTERED]", "password_challenge"=>"[FILTERED]"}}}
  [1m[36mUser Load (0.1ms)[0m  [1m[34mSELECT "users".* FROM "users" WHERE "users"."id" = ? LIMIT ?[0m  [["id", 1], ["LIMIT", 1]]
  ↳ app/controllers/application_controller.rb:18:in `authenticate_user_from_session'
  [1m[36mTRANSACTION (0.0ms)[0m  [1m[36mbegin transaction[0m
  ↳ app/controllers/passwords_controller.rb:5:in `update'
  [1m[36mUser Update (0.5ms)[0m  [1m[33mUPDATE "users" SET "password_digest" = ?, "updated_at" = ? WHERE "users"."id" = ?[0m  [["password_digest", "[FILTERED]"], ["updated_at", "2024-01-14 15:45:02.400539"], ["id", 1]]
  ↳ app/controllers/passwords_controller.rb:5:in `update'
  [1m[36mTRANSACTION (1.3ms)[0m  [1m[36mcommit transaction[0m
  ↳ app/controllers/passwords_controller.rb:5:in `update'
Completed 200 OK in 484ms (Views: 0.1ms | ActiveRecord: 1.9ms | Allocations: 2473)


  [1m[36mActiveRecord::InternalMetadata Load (0.3ms)[0m  [1m[34mSELECT * FROM "ar_internal_metadata" WHERE "ar_internal_metadata"."key" = ? ORDER BY "ar_internal_metadata"."key" ASC LIMIT 1[0m  [[nil, "environment"]]
  [1m[36mActiveRecord::SchemaMigration Load (0.0ms)[0m  [1m[34mSELECT "schema_migrations"."version" FROM "schema_migrations" ORDER BY "schema_migrations"."version" ASC[0m
  [1m[36mActiveRecord::SchemaMigration Load (0.0ms)[0m  [1m[34mSELECT "schema_migrations"."version" FROM "schema_migrations" ORDER BY "schema_migrations"."version" ASC[0m
Started GET "/" for ::1 at 2024-01-15 13:57:14 +0530
  [1m[36mActiveRecord::SchemaMigration Load (0.1ms)[0m  [1m[34mSELECT "schema_migrations"."version" FROM "schema_migrations" ORDER BY "schema_migrations"."version" ASC[0m
Processing by Rails::WelcomeController#index as HTML
  Rendering /Users/tushar/.rvm/rubies/ruby-3.2.1/lib/ruby/gems/3.2.0/gems/railties-7.1.2/lib/rails/templates/rails/welcome/index.html.erb
  Rendered /Users/tushar/.rvm/rubies/ruby-3.2.1/lib/ruby/gems/3.2.0/gems/railties-7.1.2/lib/rails/templates/rails/welcome/index.html.erb (Duration: 0.5ms | Allocations: 374)
Completed 200 OK in 7ms (Views: 2.5ms | ActiveRecord: 0.0ms | Allocations: 4391)


Started PATCH "/registrations" for ::1 at 2024-01-15 14:00:03 +0530
  
ActionController::RoutingError (No route matches [PATCH] "/registrations"):
  
Started PATCH "/registration" for ::1 at 2024-01-15 14:00:12 +0530
  
AbstractController::ActionNotFound (The action 'update' could not be found for RegistrationsController):
  
actionpack (7.1.2) lib/abstract_controller/base.rb:155:in `process'
actionview (7.1.2) lib/action_view/rendering.rb:40:in `process'
actionpack (7.1.2) lib/action_controller/metal.rb:227:in `dispatch'
actionpack (7.1.2) lib/action_controller/metal.rb:309:in `dispatch'
actionpack (7.1.2) lib/action_dispatch/routing/route_set.rb:49:in `dispatch'
actionpack (7.1.2) lib/action_dispatch/routing/route_set.rb:32:in `serve'
actionpack (7.1.2) lib/action_dispatch/journey/router.rb:51:in `block in serve'
actionpack (7.1.2) lib/action_dispatch/journey/router.rb:131:in `block in find_routes'
actionpack (7.1.2) lib/action_dispatch/journey/router.rb:124:in `each'
actionpack (7.1.2) lib/action_dispatch/journey/router.rb:124:in `find_routes'
actionpack (7.1.2) lib/action_dispatch/journey/router.rb:32:in `serve'
actionpack (7.1.2) lib/action_dispatch/routing/route_set.rb:882:in `call'
rack (3.0.8) lib/rack/tempfile_reaper.rb:20:in `call'
rack (3.0.8) lib/rack/etag.rb:29:in `call'
rack (3.0.8) lib/rack/conditional_get.rb:43:in `call'
rack (3.0.8) lib/rack/head.rb:15:in `call'
actionpack (7.1.2) lib/action_dispatch/http/permissions_policy.rb:36:in `call'
actionpack (7.1.2) lib/action_dispatch/http/content_security_policy.rb:33:in `call'
rack-session (2.0.0) lib/rack/session/abstract/id.rb:272:in `context'
rack-session (2.0.0) lib/rack/session/abstract/id.rb:266:in `call'
actionpack (7.1.2) lib/action_dispatch/middleware/cookies.rb:689:in `call'
activerecord (7.1.2) lib/active_record/migration.rb:654:in `call'
actionpack (7.1.2) lib/action_dispatch/middleware/callbacks.rb:29:in `block in call'
activesupport (7.1.2) lib/active_support/callbacks.rb:101:in `run_callbacks'
actionpack (7.1.2) lib/action_dispatch/middleware/callbacks.rb:28:in `call'
actionpack (7.1.2) lib/action_dispatch/middleware/executor.rb:14:in `call'
actionpack (7.1.2) lib/action_dispatch/middleware/actionable_exceptions.rb:16:in `call'
actionpack (7.1.2) lib/action_dispatch/middleware/debug_exceptions.rb:29:in `call'
web-console (4.2.1) lib/web_console/middleware.rb:132:in `call_app'
web-console (4.2.1) lib/web_console/middleware.rb:28:in `block in call'
web-console (4.2.1) lib/web_console/middleware.rb:17:in `catch'
web-console (4.2.1) lib/web_console/middleware.rb:17:in `call'
actionpack (7.1.2) lib/action_dispatch/middleware/show_exceptions.rb:31:in `call'
railties (7.1.2) lib/rails/rack/logger.rb:37:in `call_app'
railties (7.1.2) lib/rails/rack/logger.rb:24:in `block in call'
activesupport (7.1.2) lib/active_support/tagged_logging.rb:135:in `block in tagged'
activesupport (7.1.2) lib/active_support/tagged_logging.rb:39:in `tagged'
activesupport (7.1.2) lib/active_support/tagged_logging.rb:135:in `tagged'
activesupport (7.1.2) lib/active_support/broadcast_logger.rb:240:in `method_missing'
railties (7.1.2) lib/rails/rack/logger.rb:24:in `call'
sprockets-rails (3.4.2) lib/sprockets/rails/quiet_assets.rb:13:in `call'
actionpack (7.1.2) lib/action_dispatch/middleware/remote_ip.rb:92:in `call'
actionpack (7.1.2) lib/action_dispatch/middleware/request_id.rb:28:in `call'
rack (3.0.8) lib/rack/method_override.rb:28:in `call'
rack (3.0.8) lib/rack/runtime.rb:24:in `call'
activesupport (7.1.2) lib/active_support/cache/strategy/local_cache_middleware.rb:29:in `call'
actionpack (7.1.2) lib/action_dispatch/middleware/server_timing.rb:59:in `block in call'
actionpack (7.1.2) lib/action_dispatch/middleware/server_timing.rb:24:in `collect_events'
actionpack (7.1.2) lib/action_dispatch/middleware/server_timing.rb:58:in `call'
actionpack (7.1.2) lib/action_dispatch/middleware/executor.rb:14:in `call'
actionpack (7.1.2) lib/action_dispatch/middleware/static.rb:25:in `call'
rack (3.0.8) lib/rack/sendfile.rb:114:in `call'
actionpack (7.1.2) lib/action_dispatch/middleware/host_authorization.rb:141:in `call'
railties (7.1.2) lib/rails/engine.rb:529:in `call'
puma (6.4.2) lib/puma/configuration.rb:272:in `call'
puma (6.4.2) lib/puma/request.rb:100:in `block in handle_request'
puma (6.4.2) lib/puma/thread_pool.rb:378:in `with_force_shutdown'
puma (6.4.2) lib/puma/request.rb:99:in `handle_request'
puma (6.4.2) lib/puma/server.rb:464:in `process_client'
puma (6.4.2) lib/puma/server.rb:245:in `block in run'
puma (6.4.2) lib/puma/thread_pool.rb:155:in `block in spawn_thread'
Started PATCH "/registration" for ::1 at 2024-01-15 14:00:30 +0530
  
AbstractController::ActionNotFound (The action 'update' could not be found for RegistrationsController):
  
actionpack (7.1.2) lib/abstract_controller/base.rb:155:in `process'
actionview (7.1.2) lib/action_view/rendering.rb:40:in `process'
actionpack (7.1.2) lib/action_controller/metal.rb:227:in `dispatch'
actionpack (7.1.2) lib/action_controller/metal.rb:309:in `dispatch'
actionpack (7.1.2) lib/action_dispatch/routing/route_set.rb:49:in `dispatch'
actionpack (7.1.2) lib/action_dispatch/routing/route_set.rb:32:in `serve'
actionpack (7.1.2) lib/action_dispatch/journey/router.rb:51:in `block in serve'
actionpack (7.1.2) lib/action_dispatch/journey/router.rb:131:in `block in find_routes'
actionpack (7.1.2) lib/action_dispatch/journey/router.rb:124:in `each'
actionpack (7.1.2) lib/action_dispatch/journey/router.rb:124:in `find_routes'
actionpack (7.1.2) lib/action_dispatch/journey/router.rb:32:in `serve'
actionpack (7.1.2) lib/action_dispatch/routing/route_set.rb:882:in `call'
rack (3.0.8) lib/rack/tempfile_reaper.rb:20:in `call'
rack (3.0.8) lib/rack/etag.rb:29:in `call'
rack (3.0.8) lib/rack/conditional_get.rb:43:in `call'
rack (3.0.8) lib/rack/head.rb:15:in `call'
actionpack (7.1.2) lib/action_dispatch/http/permissions_policy.rb:36:in `call'
actionpack (7.1.2) lib/action_dispatch/http/content_security_policy.rb:33:in `call'
rack-session (2.0.0) lib/rack/session/abstract/id.rb:272:in `context'
rack-session (2.0.0) lib/rack/session/abstract/id.rb:266:in `call'
actionpack (7.1.2) lib/action_dispatch/middleware/cookies.rb:689:in `call'
activerecord (7.1.2) lib/active_record/migration.rb:654:in `call'
actionpack (7.1.2) lib/action_dispatch/middleware/callbacks.rb:29:in `block in call'
activesupport (7.1.2) lib/active_support/callbacks.rb:101:in `run_callbacks'
actionpack (7.1.2) lib/action_dispatch/middleware/callbacks.rb:28:in `call'
actionpack (7.1.2) lib/action_dispatch/middleware/executor.rb:14:in `call'
actionpack (7.1.2) lib/action_dispatch/middleware/actionable_exceptions.rb:16:in `call'
actionpack (7.1.2) lib/action_dispatch/middleware/debug_exceptions.rb:29:in `call'
web-console (4.2.1) lib/web_console/middleware.rb:132:in `call_app'
web-console (4.2.1) lib/web_console/middleware.rb:28:in `block in call'
web-console (4.2.1) lib/web_console/middleware.rb:17:in `catch'
web-console (4.2.1) lib/web_console/middleware.rb:17:in `call'
actionpack (7.1.2) lib/action_dispatch/middleware/show_exceptions.rb:31:in `call'
railties (7.1.2) lib/rails/rack/logger.rb:37:in `call_app'
railties (7.1.2) lib/rails/rack/logger.rb:24:in `block in call'
activesupport (7.1.2) lib/active_support/tagged_logging.rb:135:in `block in tagged'
activesupport (7.1.2) lib/active_support/tagged_logging.rb:39:in `tagged'
activesupport (7.1.2) lib/active_support/tagged_logging.rb:135:in `tagged'
activesupport (7.1.2) lib/active_support/broadcast_logger.rb:240:in `method_missing'
railties (7.1.2) lib/rails/rack/logger.rb:24:in `call'
sprockets-rails (3.4.2) lib/sprockets/rails/quiet_assets.rb:13:in `call'
actionpack (7.1.2) lib/action_dispatch/middleware/remote_ip.rb:92:in `call'
actionpack (7.1.2) lib/action_dispatch/middleware/request_id.rb:28:in `call'
rack (3.0.8) lib/rack/method_override.rb:28:in `call'
rack (3.0.8) lib/rack/runtime.rb:24:in `call'
activesupport (7.1.2) lib/active_support/cache/strategy/local_cache_middleware.rb:29:in `call'
actionpack (7.1.2) lib/action_dispatch/middleware/server_timing.rb:59:in `block in call'
actionpack (7.1.2) lib/action_dispatch/middleware/server_timing.rb:24:in `collect_events'
actionpack (7.1.2) lib/action_dispatch/middleware/server_timing.rb:58:in `call'
actionpack (7.1.2) lib/action_dispatch/middleware/executor.rb:14:in `call'
actionpack (7.1.2) lib/action_dispatch/middleware/static.rb:25:in `call'
rack (3.0.8) lib/rack/sendfile.rb:114:in `call'
actionpack (7.1.2) lib/action_dispatch/middleware/host_authorization.rb:141:in `call'
railties (7.1.2) lib/rails/engine.rb:529:in `call'
puma (6.4.2) lib/puma/configuration.rb:272:in `call'
puma (6.4.2) lib/puma/request.rb:100:in `block in handle_request'
puma (6.4.2) lib/puma/thread_pool.rb:378:in `with_force_shutdown'
puma (6.4.2) lib/puma/request.rb:99:in `handle_request'
puma (6.4.2) lib/puma/server.rb:464:in `process_client'
puma (6.4.2) lib/puma/server.rb:245:in `block in run'
puma (6.4.2) lib/puma/thread_pool.rb:155:in `block in spawn_thread'
Started POST "/registration" for ::1 at 2024-01-15 14:01:11 +0530
Processing by RegistrationsController#create as */*
  Parameters: {"user"=>{"password_confirmation"=>"[FILTERED]", "password"=>"[FILTERED]", "email"=>"abc@gmail.com"}, "registration"=>{"user"=>{"password_confirmation"=>"[FILTERED]", "password"=>"[FILTERED]", "email"=>"abc@gmail.com"}}}
  [1m[36mTRANSACTION (0.0ms)[0m  [1m[36mbegin transaction[0m
  ↳ app/controllers/registrations_controller.rb:5:in `create'
  [1m[36mUser Create (2.6ms)[0m  [1m[32mINSERT INTO "users" ("email", "password_digest", "created_at", "updated_at") VALUES (?, ?, ?, ?) RETURNING "id"[0m  [["email", "abc@gmail.com"], ["password_digest", "[FILTERED]"], ["created_at", "2024-01-15 08:31:24.879044"], ["updated_at", "2024-01-15 08:31:24.879044"]]
  ↳ app/controllers/registrations_controller.rb:5:in `create'
  [1m[36mTRANSACTION (0.2ms)[0m  [1m[36mcommit transaction[0m
  ↳ app/controllers/registrations_controller.rb:5:in `create'
Completed 200 OK in 12967ms (Views: 0.1ms | ActiveRecord: 5.1ms | Allocations: 166684)


  [1m[36mUser Load (0.2ms)[0m  [1m[34mSELECT "users".* FROM "users" /* loading for pp */ LIMIT ?[0m  [["LIMIT", 11]]
